Started HTTP and WebSocket JSON-RPC server at http://127.0.0.1:8545/

Accounts
========

WARNING: These accounts, and their private keys, are publicly known.
Any funds sent to them on Mainnet or any other live network WILL BE LOST.

Account #0: 0xf39Fd6e51aad88F6F4ce6aB8827279cffFb92266 (10000 ETH)
Private Key: 0xac0974bec39a17e36ba4a6b4d238ff944bacb478cbed5efcae784d7bf4f2ff80

Account #1: 0x70997970C51812dc3A010C7d01b50e0d17dc79C8 (10000 ETH)
Private Key: 0x59c6995e998f97a5a0044966f0945389dc9e86dae88c7a8412f4603b6b78690d

Account #2: 0x3C44CdDdB6a900fa2b585dd299e03d12FA4293BC (10000 ETH)
Private Key: 0x5de4111afa1a4b94908f83103eb1f1706367c2e68ca870fc3fb9a804cdab365a

Account #3: 0x90F79bf6EB2c4f870365E785982E1f101E93b906 (10000 ETH)
Private Key: 0x7c852118294e51e653712a81e05800f419141751be58f605c371e15141b007a6

Account #4: 0x15d34AAf54267DB7D7c367839AAf71A00a2C6A65 (10000 ETH)
Private Key: 0x47e179ec197488593b187f80a00eb0da91f1b9d0b13f8733639f19c30a34926a

Account #5: 0x9965507D1a55bcC2695C58ba16FB37d819B0A4dc (10000 ETH)
Private Key: 0x8b3a350cf5c34c9194ca85829a2df0ec3153be0318b5e2d3348e872092edffba

Account #6: 0x976EA74026E726554dB657fA54763abd0C3a0aa9 (10000 ETH)
Private Key: 0x92db14e403b83dfe3df233f83dfa3a0d7096f21ca9b0d6d6b8d88b2b4ec1564e

Account #7: 0x14dC79964da2C08b23698B3D3cc7Ca32193d9955 (10000 ETH)
Private Key: 0x4bbbf85ce3377467afe5d46f804f221813b2bb87f24d81f60f1fcdbf7cbf4356

Account #8: 0x23618e81E3f5cdF7f54C3d65f7FBc0aBf5B21E8f (10000 ETH)
Private Key: 0xdbda1821b80551c9d65939329250298aa3472ba22feea921c0cf5d620ea67b97

Account #9: 0xa0Ee7A142d267C1f36714E4a8F75612F20a79720 (10000 ETH)
Private Key: 0x2a871d0798f97d79848a013d4936a73bf4cc922c825d33c1cf7073dff6d409c6

Account #10: 0xBcd4042DE499D14e55001CcbB24a551F3b954096 (10000 ETH)
Private Key: 0xf214f2b2cd398c806f84e317254e0f0b801d0643303237d97a22a48e01628897

Account #11: 0x71bE63f3384f5fb98995898A86B02Fb2426c5788 (10000 ETH)
Private Key: 0x701b615bbdfb9de65240bc28bd21bbc0d996645a3dd57e7b12bc2bdf6f192c82

Account #12: 0xFABB0ac9d68B0B445fB7357272Ff202C5651694a (10000 ETH)
Private Key: 0xa267530f49f8280200edf313ee7af6b827f2a8bce2897751d06a843f644967b1

Account #13: 0x1CBd3b2770909D4e10f157cABC84C7264073C9Ec (10000 ETH)
Private Key: 0x47c99abed3324a2707c28affff1267e45918ec8c3f20b8aa892e8b065d2942dd

Account #14: 0xdF3e18d64BC6A983f673Ab319CCaE4f1a57C7097 (10000 ETH)
Private Key: 0xc526ee95bf44d8fc405a158bb884d9d1238d99f0612e9f33d006bb0789009aaa

Account #15: 0xcd3B766CCDd6AE721141F452C550Ca635964ce71 (10000 ETH)
Private Key: 0x8166f546bab6da521a8369cab06c5d2b9e46670292d85c875ee9ec20e84ffb61

Account #16: 0x2546BcD3c84621e976D8185a91A922aE77ECEc30 (10000 ETH)
Private Key: 0xea6c44ac03bff858b476bba40716402b03e41b8e97e276d1baec7c37d42484a0

Account #17: 0xbDA5747bFD65F08deb54cb465eB87D40e51B197E (10000 ETH)
Private Key: 0x689af8efa8c651a91ad287602527f3af2fe9f6501a7ac4b061667b5a93e037fd

Account #18: 0xdD2FD4581271e230360230F9337D5c0430Bf44C0 (10000 ETH)
Private Key: 0xde9be858da4a475276426320d5e9262ecfc3ba460bfac56360bfa6c4c28b4ee0

Account #19: 0x8626f6940E2eb28930eFb4CeF49B2d1F2C9C1199 (10000 ETH)
Private Key: 0xdf57089febbacf7ba0bc227dafbffa9fc08a93fdc68e1e42411a14efcf23656e

WARNING: These accounts, and their private keys, are publicly known.
Any funds sent to them on Mainnet or any other live network WILL BE LOST.

[32meth_chainId[0m
[32mhardhat_addCompilationResult[0m
[32meth_accounts[0m
[32mhardhat_getAutomine[0m
[32meth_chainId[0m
[32meth_getBlockByNumber[0m
[32meth_getTransactionCount[0m
[32meth_getTransactionCount (2)[0m
[32meth_getTransactionCount (3)[0m
[32meth_getBlockByNumber[0m
[32meth_getTransactionCount[0m
[32meth_getBlockByNumber[0m
[32meth_chainId[0m
[32meth_maxPriorityFeePerGas[0m
[32meth_estimateGas[0m
[32meth_call[0m
  Contract deployment: DAOToken
  Contract address:    0x5fbdb2315678afecb367f032d93f642f64180aa3
  From:                0xf39fd6e51aad88f6f4ce6ab8827279cfffb92266

[32meth_sendTransaction[0m
  Contract deployment: DAOToken
  Contract address:    0x5fbdb2315678afecb367f032d93f642f64180aa3
  Transaction:         0x7662bbe4e8e0bbb913cdb1db3ae8f666feefd59af1ef44e9398f4b095a16d359
  From:                0xf39fd6e51aad88f6f4ce6ab8827279cfffb92266
  Value:               0 ETH
  Gas used:            1211586 of 1211586
  Block #1:            0x587df99409308ecd6c4f7f12d65ba436245d341580bc0684f66daf5a6c921567

[32meth_getTransactionByHash[0m
[32meth_getBlockByNumber[0m
[32meth_getTransactionReceipt[0m
[32meth_getTransactionCount[0m
[32meth_getBlockByNumber[0m
[32meth_chainId[0m
[32meth_maxPriorityFeePerGas[0m
[32meth_estimateGas[0m
[32meth_call[0m
  Contract deployment: PaymentToken
  Contract address:    0xe7f1725e7734ce288f8367e1bb143e90bb3f0512
  From:                0xf39fd6e51aad88f6f4ce6ab8827279cfffb92266

[32meth_sendTransaction[0m
  Contract deployment: PaymentToken
  Contract address:    0xe7f1725e7734ce288f8367e1bb143e90bb3f0512
  Transaction:         0xee517a9c7cd73dc0bcba375c1790ca36b86b63536f875917e39d465eac1b8509
  From:                0xf39fd6e51aad88f6f4ce6ab8827279cfffb92266
  Value:               0 ETH
  Gas used:            1211502 of 1211502
  Block #2:            0x1cf2efe3248328a4e39ee5ee80c13a2b196a01d57e4d5398424d573137e8c81e

[32meth_getTransactionByHash[0m
[32meth_getBlockByNumber[0m
[32meth_getTransactionReceipt[0m
[32meth_getBlockByNumber[0m
[32meth_getTransactionCount[0m
[32meth_getBlockByNumber[0m
[32meth_chainId[0m
[32meth_maxPriorityFeePerGas[0m
[32meth_estimateGas[0m
[32meth_call[0m
  Contract deployment: DAONFT
  Contract address:    0x9fe46736679d2d9a65f0992f2272de9f3c7fa6e0
  From:                0xf39fd6e51aad88f6f4ce6ab8827279cfffb92266

[32meth_sendTransaction[0m
  Contract deployment: DAONFT
  Contract address:    0x9fe46736679d2d9a65f0992f2272de9f3c7fa6e0
  Transaction:         0x0bbcc0b0cb0e557ef36533429467afd56b17874a093e9d3ed872d2878f96de19
  From:                0xf39fd6e51aad88f6f4ce6ab8827279cfffb92266
  Value:               0 ETH
  Gas used:            3399071 of 3399071
  Block #3:            0xbf088d369afa8fea30f7e35182f7ffbe7015056988dd5f2bef1f63f24ad28dca

[32meth_getTransactionByHash[0m
[32meth_getBlockByNumber[0m
[32meth_getTransactionReceipt[0m
[32meth_getTransactionCount[0m
[32meth_getBlockByNumber[0m
[32meth_chainId[0m
[32meth_maxPriorityFeePerGas[0m
[32meth_estimateGas[0m
[32meth_call[0m
  Contract call:       DAOToken#transfer
  From:                0xf39fd6e51aad88f6f4ce6ab8827279cfffb92266
  To:                  0x5fbdb2315678afecb367f032d93f642f64180aa3

[32meth_sendTransaction[0m
  Contract call:       DAOToken#transfer
  Transaction:         0x0f39e2530bcc3ed2277e92f62a85e99c26da4747a587f51ae3cd073a9cdb5236
  From:                0xf39fd6e51aad88f6f4ce6ab8827279cfffb92266
  To:                  0x5fbdb2315678afecb367f032d93f642f64180aa3
  Value:               0 ETH
  Gas used:            52244 of 52244
  Block #4:            0xaf1849b3dbaba19d7eadba29461f98c237f7c4157d3598b63d3bcae5e3dc94ce

[32meth_getTransactionByHash[0m
[32meth_getBlockByNumber[0m
[32meth_getTransactionReceipt[0m
[32meth_getTransactionCount[0m
[32meth_getBlockByNumber[0m
[32meth_chainId[0m
[32meth_maxPriorityFeePerGas[0m
[32meth_estimateGas[0m
[32meth_call[0m
  Contract call:       PaymentToken#transfer
  From:                0xf39fd6e51aad88f6f4ce6ab8827279cfffb92266
  To:                  0xe7f1725e7734ce288f8367e1bb143e90bb3f0512

[32meth_sendTransaction[0m
  Contract call:       PaymentToken#transfer
  Transaction:         0xc5e315c6790ba6ec48cd013572d0e4a64db92d415356e0c73ec6497f7d87aaa8
  From:                0xf39fd6e51aad88f6f4ce6ab8827279cfffb92266
  To:                  0xe7f1725e7734ce288f8367e1bb143e90bb3f0512
  Value:               0 ETH
  Gas used:            52244 of 52244
  Block #5:            0x34aa9afa3553b8cc69a756ae730b7cee0f76e5eb8f914025562ff773cd11b251

[32meth_getTransactionByHash[0m
[32meth_getBlockByNumber[0m
[32meth_getTransactionReceipt[0m
[32meth_getTransactionCount[0m
[32meth_getBlockByNumber[0m
[32meth_chainId[0m
[32meth_maxPriorityFeePerGas[0m
[32meth_estimateGas[0m
[32meth_call[0m
  Contract call:       DAOToken#transfer
  From:                0xf39fd6e51aad88f6f4ce6ab8827279cfffb92266
  To:                  0x5fbdb2315678afecb367f032d93f642f64180aa3

[32meth_sendTransaction[0m
  Contract call:       DAOToken#transfer
  Transaction:         0x6003c4b58371f3931241bc2924f1009e3debef633afc876e985e4e7dd0ef074b
  From:                0xf39fd6e51aad88f6f4ce6ab8827279cfffb92266
  To:                  0x5fbdb2315678afecb367f032d93f642f64180aa3
  Value:               0 ETH
  Gas used:            52232 of 52232
  Block #6:            0xa9bc99c43f4ac4f170c05309eb18c92b536e2ce2a91a8600fd28bbb136ed18b4

[32meth_getTransactionByHash[0m
[32meth_getBlockByNumber[0m
[32meth_getTransactionReceipt[0m
[32meth_getTransactionCount[0m
[32meth_getBlockByNumber[0m
[32meth_chainId[0m
[32meth_maxPriorityFeePerGas[0m
[32meth_estimateGas[0m
[32meth_call[0m
  Contract call:       PaymentToken#transfer
  From:                0xf39fd6e51aad88f6f4ce6ab8827279cfffb92266
  To:                  0xe7f1725e7734ce288f8367e1bb143e90bb3f0512

[32meth_sendTransaction[0m
  Contract call:       PaymentToken#transfer
  Transaction:         0x812e6ba12ef3b11864c69c05f0069d44ffe959dd91d7d30b480429751dc662bd
  From:                0xf39fd6e51aad88f6f4ce6ab8827279cfffb92266
  To:                  0xe7f1725e7734ce288f8367e1bb143e90bb3f0512
  Value:               0 ETH
  Gas used:            52232 of 52232
  Block #7:            0x06d1f851b2990c8f0e90522c74a08599b6bdb397e9b72fc55289538bc52b1733

[32meth_getTransactionByHash[0m
[32meth_getBlockByNumber[0m
[32meth_getTransactionReceipt[0m
[32meth_getTransactionCount[0m
[32meth_getBlockByNumber[0m
[32meth_chainId[0m
[32meth_maxPriorityFeePerGas[0m
[32meth_estimateGas[0m
[32meth_call[0m
  Contract call:       DAOToken#transfer
  From:                0xf39fd6e51aad88f6f4ce6ab8827279cfffb92266
  To:                  0x5fbdb2315678afecb367f032d93f642f64180aa3

[32meth_sendTransaction[0m
  Contract call:       DAOToken#transfer
  Transaction:         0xe1b72700a141a93748cd8a1b2d029ca79491a7d45900f524715f88b003b9a082
  From:                0xf39fd6e51aad88f6f4ce6ab8827279cfffb92266
  To:                  0x5fbdb2315678afecb367f032d93f642f64180aa3
  Value:               0 ETH
  Gas used:            52244 of 52244
  Block #8:            0xb23873187a03b1e0fdc3fe60b7626e8d432e6f75121215937f5e1c389e32bbc3

[32meth_getTransactionByHash[0m
[32meth_getBlockByNumber[0m
[32meth_getTransactionReceipt[0m
[32meth_getTransactionCount[0m
[32meth_getBlockByNumber[0m
[32meth_chainId[0m
[32meth_maxPriorityFeePerGas[0m
[32meth_estimateGas[0m
[32meth_call[0m
  Contract call:       PaymentToken#transfer
  From:                0xf39fd6e51aad88f6f4ce6ab8827279cfffb92266
  To:                  0xe7f1725e7734ce288f8367e1bb143e90bb3f0512

[32meth_sendTransaction[0m
  Contract call:       PaymentToken#transfer
  Transaction:         0x8f7cd3a0d03dc491ad4da0c844c11d545cd3118f1b8dfed59153cf17b6180341
  From:                0xf39fd6e51aad88f6f4ce6ab8827279cfffb92266
  To:                  0xe7f1725e7734ce288f8367e1bb143e90bb3f0512
  Value:               0 ETH
  Gas used:            52244 of 52244
  Block #9:            0x66f2eef766784348042aff83d757a9ee93a991ebda8975f311c74e5e7c382116

[32meth_getTransactionByHash[0m
[32meth_getBlockByNumber[0m
[32meth_getTransactionReceipt[0m
[32meth_getTransactionCount[0m
[32meth_getBlockByNumber[0m
[32meth_chainId[0m
[32meth_maxPriorityFeePerGas[0m
[32meth_estimateGas[0m
[32meth_call[0m
  Contract call:       DAOToken#transfer
  From:                0xf39fd6e51aad88f6f4ce6ab8827279cfffb92266
  To:                  0x5fbdb2315678afecb367f032d93f642f64180aa3

[32meth_sendTransaction[0m
  Contract call:       DAOToken#transfer
  Transaction:         0xee28762dee16924f279afa731f70c8cc728659b5edb3fd56cc7e5f72be378155
  From:                0xf39fd6e51aad88f6f4ce6ab8827279cfffb92266
  To:                  0x5fbdb2315678afecb367f032d93f642f64180aa3
  Value:               0 ETH
  Gas used:            52244 of 52244
  Block #10:           0xca46887c1b2d5bcbec02a6e8eef079ebd6fd559447da0c30eeb624f330fe848b

[32meth_getTransactionByHash[0m
[32meth_getBlockByNumber[0m
[32meth_getTransactionReceipt[0m
[32meth_getTransactionCount[0m
[32meth_getBlockByNumber[0m
[32meth_chainId[0m
[32meth_maxPriorityFeePerGas[0m
[32meth_estimateGas[0m
[32meth_call[0m
  Contract call:       PaymentToken#transfer
  From:                0xf39fd6e51aad88f6f4ce6ab8827279cfffb92266
  To:                  0xe7f1725e7734ce288f8367e1bb143e90bb3f0512

[32meth_sendTransaction[0m
  Contract call:       PaymentToken#transfer
  Transaction:         0xe40cd718100347feb10d91ae56197e29767f68318bbeb0458690c9737a8b8ff4
  From:                0xf39fd6e51aad88f6f4ce6ab8827279cfffb92266
  To:                  0xe7f1725e7734ce288f8367e1bb143e90bb3f0512
  Value:               0 ETH
  Gas used:            52244 of 52244
  Block #11:           0x4e87424289178394ec9949c47799dd4c1c3ebfdb22acf0a3f4613c7ebacf020c

[32meth_getTransactionByHash[0m
[32meth_getBlockByNumber[0m
[32meth_getTransactionReceipt[0m
[32meth_getBlockByNumber[0m
[32mnet_version[0m
[32meth_getBlockByNumber[0m
[32meth_chainId[0m
[32mnet_version[0m
[32mnet_version (2)[0m
[32meth_accounts[0m
[32meth_getBalance[0m
[32meth_getBalance (2)[0m
[32meth_getBalance (3)[0m
[32meth_getBalance (4)[0m
[32meth_getBalance (5)[0m
[32meth_getBalance (6)[0m
[32meth_getBalance (7)[0m
[32meth_getBalance (8)[0m
[32meth_getBalance (9)[0m
[32meth_getBalance (10)[0m
[32meth_getBalance (11)[0m
[32meth_getBalance (12)[0m
[32meth_getBalance (13)[0m
[32meth_getBalance (14)[0m
[32meth_getBalance (15)[0m
[32meth_getBalance (16)[0m
[32meth_getBalance (17)[0m
[32meth_getBalance (18)[0m
[32meth_getBalance (19)[0m
[32meth_getBalance (20)[0m
[32mnet_version[0m
[32meth_accounts[0m
[32meth_getBalance[0m
[32meth_getBalance (2)[0m
[32meth_getBalance (3)[0m
[32meth_getBalance (4)[0m
[32meth_getBalance (5)[0m
[32meth_getBalance (6)[0m
[32meth_getBalance (7)[0m
[32meth_getBalance (8)[0m
[32meth_getBalance (9)[0m
[32meth_getBalance (10)[0m
[32meth_getBalance (11)[0m
[32meth_getBalance (12)[0m
[32meth_getBalance (13)[0m
[32meth_getBalance (14)[0m
[32meth_getBalance (15)[0m
[32meth_getBalance (16)[0m
[32meth_getBalance (17)[0m
[32meth_getBalance (18)[0m
[32meth_getBalance (19)[0m
[32meth_getBalance (20)[0m
[32meth_getBlockByNumber[0m
[32mnet_version[0m
[32meth_getBlockByNumber[0m
[32mnet_version[0m
[32meth_call[0m
  Contract call:       DAONFT#getProposeNFT
  From:                0xf39fd6e51aad88f6f4ce6ab8827279cfffb92266
  To:                  0x9fe46736679d2d9a65f0992f2272de9f3c7fa6e0

[32meth_call[0m
  Contract call:       DAONFT#name
  From:                0xf39fd6e51aad88f6f4ce6ab8827279cfffb92266
  To:                  0x9fe46736679d2d9a65f0992f2272de9f3c7fa6e0

[32mnet_version[0m
[32meth_accounts[0m
[32meth_getBalance[0m
[32meth_getBalance (2)[0m
[32meth_getBalance (3)[0m
[32meth_getBalance (4)[0m
[32meth_getBalance (5)[0m
[32meth_getBalance (6)[0m
[32meth_getBalance (7)[0m
[32meth_getBalance (8)[0m
[32meth_getBalance (9)[0m
[32meth_getBlockByNumber[0m
[32meth_getBalance[0m
[32mnet_version[0m
[32meth_getBalance[0m
[32meth_getBalance (2)[0m
[32meth_getBalance (3)[0m
[32meth_getBalance (4)[0m
[32meth_getBalance (5)[0m
[32meth_getBalance (6)[0m
[32meth_getBalance (7)[0m
[32meth_getBalance (8)[0m
[32meth_getBalance (9)[0m
[32meth_getBalance (10)[0m
[32meth_getBalance (11)[0m
[32meth_accounts[0m
[32mnet_version[0m
[32meth_chainId[0m
[32meth_chainId (2)[0m
[32meth_estimateGas[0m
[32meth_blockNumber[0m
[32meth_sendTransaction[0m
  Contract call:       DAONFT#mintNFT
  Transaction:         0x274afea4be8e6ad1aac4b07e3dcac62cf8c15af6d21dfe956e2399d1c80db615
  From:                0x70997970c51812dc3a010c7d01b50e0d17dc79c8
  To:                  0x9fe46736679d2d9a65f0992f2272de9f3c7fa6e0
  Value:               0 ETH
  Gas used:            90529 of 90529
  Block #12:           0x1dfd1458d11743d12aa52aad7627a673b30e84107fcd9745cdc8b92c7d9d687b

[32meth_getTransactionReceipt[0m
[32meth_blockNumber[0m
[32mnet_version[0m
[32meth_getTransactionReceipt[0m
[32meth_getTransactionByHash[0m
[32meth_getTransactionByHash (2)[0m
[32meth_getBalance[0m
[32meth_getBalance (2)[0m
[32meth_getTransactionReceipt[0m
[32meth_getBalance[0m
[32meth_getCode[0m
[32meth_getBalance[0m
[32meth_getBalance (2)[0m
[32meth_getBalance (3)[0m
[32meth_getBalance (4)[0m
[32meth_getBalance (5)[0m
[32meth_getBalance (6)[0m
[32meth_getBalance (7)[0m
[32meth_getBalance (8)[0m
[32meth_getBalance (9)[0m
[32meth_getBalance (10)[0m
[32meth_getBalance (11)[0m
[32meth_getBalance (12)[0m
[32meth_getBalance (13)[0m
[32meth_getBalance (14)[0m
[32meth_getBalance (15)[0m
[32meth_getBalance (16)[0m
[32meth_getBalance (17)[0m
[32meth_getBalance (18)[0m
[32meth_getBlockByNumber[0m
[32mnet_version[0m
[32meth_accounts[0m
[32mnet_version[0m
[32meth_chainId[0m
[32meth_chainId (2)[0m
[31meth_estimateGas[0m
  Contract call:       DAONFT#sellNFT
  From:                0x70997970c51812dc3a010c7d01b50e0d17dc79c8
  To:                  0x9fe46736679d2d9a65f0992f2272de9f3c7fa6e0
  Value:               0 ETH

  Error: VM Exception while processing transaction: reverted with an unrecognized custom error (return data: 0x7e2732890000000000000000000000000000000000000000000000000000000000000001)

[32meth_accounts[0m
[32mnet_version[0m
[32meth_chainId[0m
[32meth_chainId (2)[0m
[32meth_estimateGas[0m
[32meth_blockNumber[0m
[32meth_sendTransaction[0m
  Contract call:       DAONFT#mintNFT
  Transaction:         0x4a7f129f623fd4536e17f540b01ac5da288d5bce3951899659e9d753bf832911
  From:                0x70997970c51812dc3a010c7d01b50e0d17dc79c8
  To:                  0x9fe46736679d2d9a65f0992f2272de9f3c7fa6e0
  Value:               0 ETH
  Gas used:            56329 of 56329
  Block #13:           0x06fb1be1f0106a5816a9f1720be47da5357e5fdc22a13b657bec8747f650fc11

[32meth_getTransactionReceipt[0m
[32meth_blockNumber[0m
[32mnet_version[0m
[32meth_getTransactionReceipt[0m
[32meth_getTransactionByHash[0m
[32meth_getTransactionByHash (2)[0m
[32meth_getBalance[0m
[32meth_getBalance (2)[0m
[32meth_getTransactionReceipt[0m
[32meth_getBalance[0m
[32meth_getCode[0m
[32meth_getBalance[0m
[32meth_getBalance (2)[0m
[32meth_getBalance (3)[0m
[32meth_getBalance (4)[0m
[32meth_getBalance (5)[0m
[32meth_getBalance (6)[0m
[32meth_getBalance (7)[0m
[32meth_getBalance (8)[0m
[32meth_getBalance (9)[0m
[32meth_getBalance (10)[0m
[32meth_getBalance (11)[0m
[32meth_getBalance (12)[0m
[32meth_getBalance (13)[0m
[32meth_getBalance (14)[0m
[32meth_getBalance (15)[0m
[32meth_getBalance (16)[0m
[32meth_getBalance (17)[0m
[32meth_getBalance (18)[0m
[32meth_accounts[0m
[32mnet_version[0m
[32meth_chainId[0m
[32meth_chainId (2)[0m
[32meth_estimateGas[0m
[32meth_blockNumber[0m
[32meth_sendTransaction[0m
  Contract call:       DAONFT#sellNFT
  Transaction:         0x381480dde8fd634f95890ee6fb9c175f13a284096408f57dc43a04cf0f3037fe
  From:                0x70997970c51812dc3a010c7d01b50e0d17dc79c8
  To:                  0x9fe46736679d2d9a65f0992f2272de9f3c7fa6e0
  Value:               0 ETH
  Gas used:            95330 of 95702
  Block #14:           0xee9066de8780c11b7a888192d9ee71a7aba6c1da88db527ac028d731c858f64a

[32meth_getTransactionReceipt[0m
[32meth_blockNumber[0m
[32mnet_version[0m
[32meth_getTransactionReceipt[0m
[32meth_getTransactionByHash[0m
[32meth_getTransactionByHash (2)[0m
[32meth_getBalance[0m
[32meth_getBalance (2)[0m
[32meth_getTransactionReceipt[0m
[32meth_getBalance[0m
[32meth_getCode[0m
[32meth_getBalance[0m
[32meth_getBalance (2)[0m
[32meth_getBalance (3)[0m
[32meth_getBalance (4)[0m
[32meth_getBalance (5)[0m
[32meth_getBalance (6)[0m
[32meth_getBalance (7)[0m
[32meth_getBalance (8)[0m
[32meth_getBalance (9)[0m
[32meth_getBalance (10)[0m
[32meth_getBalance (11)[0m
[32meth_getBalance (12)[0m
[32meth_getBalance (13)[0m
[32meth_getBalance (14)[0m
[32meth_getBalance (15)[0m
[32meth_getBalance (16)[0m
[32meth_getBalance (17)[0m
[32meth_getBalance (18)[0m
[32mnet_version[0m
[32meth_accounts[0m
[32meth_getBalance[0m
[32meth_getBalance (2)[0m
[32meth_getBalance (3)[0m
[32meth_getBalance (4)[0m
[32meth_getBalance (5)[0m
[32meth_getBalance (6)[0m
[32meth_getBalance (7)[0m
[32meth_getBalance (8)[0m
[32meth_getBalance (9)[0m
[32meth_getBalance (10)[0m
[32meth_getBalance (11)[0m
[32meth_getBalance (12)[0m
[32meth_getBalance (13)[0m
[32meth_getBalance (14)[0m
[32meth_getBalance (15)[0m
[32meth_getBalance (16)[0m
[32meth_getBalance (17)[0m
[32meth_getBalance (18)[0m
[32meth_getBalance (19)[0m
[32meth_getBalance (20)[0m
[32meth_getBalance (21)[0m
[32meth_getBlockByNumber[0m
[32mnet_version[0m
[32meth_call[0m
  Contract call:       DAONFT#proposalCounter
  From:                0x70997970c51812dc3a010c7d01b50e0d17dc79c8
  To:                  0x9fe46736679d2d9a65f0992f2272de9f3c7fa6e0

[32meth_call[0m
  Contract call:       DAONFT#requiredVotes
  From:                0x70997970c51812dc3a010c7d01b50e0d17dc79c8
  To:                  0x9fe46736679d2d9a65f0992f2272de9f3c7fa6e0

[32meth_call[0m
  Contract call:       DAONFT#paymentToken
  From:                0x70997970c51812dc3a010c7d01b50e0d17dc79c8
  To:                  0x9fe46736679d2d9a65f0992f2272de9f3c7fa6e0

[32meth_call[0m
  Contract call:       DAONFT#symbol
  From:                0x70997970c51812dc3a010c7d01b50e0d17dc79c8
  To:                  0x9fe46736679d2d9a65f0992f2272de9f3c7fa6e0

[32meth_getBlockByNumber[0m
[32mnet_version[0m
[32meth_call[0m
  Contract call:       DAONFT#ownerOf
  From:                0x70997970c51812dc3a010c7d01b50e0d17dc79c8
  To:                  0x9fe46736679d2d9a65f0992f2272de9f3c7fa6e0

[31meth_call[0m
  Contract call:       DAONFT#ownerOf
  From:                0x70997970c51812dc3a010c7d01b50e0d17dc79c8
  To:                  0x9fe46736679d2d9a65f0992f2272de9f3c7fa6e0

  Error: VM Exception while processing transaction: reverted with an unrecognized custom error (return data: 0x7e2732890000000000000000000000000000000000000000000000000000000000000002)

[32meth_call[0m
  Contract call:       DAONFT#ownerOf
  From:                0x70997970c51812dc3a010c7d01b50e0d17dc79c8
  To:                  0x9fe46736679d2d9a65f0992f2272de9f3c7fa6e0

[32meth_call[0m
  Contract call:       DAONFT#nftSales
  From:                0xf39fd6e51aad88f6f4ce6ab8827279cfffb92266
  To:                  0x9fe46736679d2d9a65f0992f2272de9f3c7fa6e0

[32mnet_version[0m
[32meth_accounts[0m
[32meth_getBalance[0m
[32meth_getBalance (2)[0m
[32meth_getBalance (3)[0m
[32meth_getBalance (4)[0m
[32meth_getBalance (5)[0m
[32meth_getBalance (6)[0m
[32meth_getBalance (7)[0m
[32meth_getBalance (8)[0m
[32meth_getBalance (9)[0m
[32meth_getBlockByNumber[0m
[32meth_getBalance[0m
[32mnet_version[0m
[32meth_getBalance[0m
[32meth_getBalance (2)[0m
[32meth_getBalance (3)[0m
[32meth_getBalance (4)[0m
[32meth_getBalance (5)[0m
[32meth_getBalance (6)[0m
[32meth_getBalance (7)[0m
[32meth_getBalance (8)[0m
[32meth_getBalance (9)[0m
[32meth_getBalance (10)[0m
[32meth_getBalance (11)[0m
[32meth_accounts[0m
[32mnet_version[0m
[32meth_chainId[0m
[32meth_chainId (2)[0m
[31meth_estimateGas[0m
  Contract call:       DAONFT#buyNFT
  From:                0xf39fd6e51aad88f6f4ce6ab8827279cfffb92266
  To:                  0x9fe46736679d2d9a65f0992f2272de9f3c7fa6e0
  Value:               0 ETH

  Error: VM Exception while processing transaction: reverted with an unrecognized custom error (return data: 0xe450d38c0000000000000000000000009fe46736679d2d9a65f0992f2272de9f3c7fa6e00000000000000000000000000000000000000000000000000000000000000000000000000000000000000000000000000000000000000000000000000000000a)

[32meth_getBlockByNumber[0m
[32mnet_version[0m
[32mnet_version (2)[0m
[32meth_accounts[0m
[32meth_getBalance[0m
[32meth_getBalance (2)[0m
[32meth_getBalance (3)[0m
[32meth_getBalance (4)[0m
[32meth_getBalance (5)[0m
[32meth_getBalance (6)[0m
[32meth_getBalance (7)[0m
[32meth_getBalance (8)[0m
[32meth_getBalance (9)[0m
[32meth_getBalance (10)[0m
[32meth_getBalance (11)[0m
[32meth_getBalance (12)[0m
[32meth_getBalance (13)[0m
[32meth_getBalance (14)[0m
[32meth_getBalance (15)[0m
[32meth_getBalance (16)[0m
[32meth_getBalance (17)[0m
[32meth_getBalance (18)[0m
[32meth_getBalance (19)[0m
[32meth_getBalance (20)[0m
[32meth_getBalance (21)[0m
[32meth_getBlockByNumber[0m
[32mnet_version[0m
[32meth_getBlockByNumber[0m
[32mnet_version[0m
[32mnet_version (2)[0m
[32meth_accounts[0m
[32meth_getBalance[0m
[32meth_getBalance (2)[0m
[32meth_getBalance (3)[0m
[32meth_getBalance (4)[0m
[32meth_getBalance (5)[0m
[32meth_getBalance (6)[0m
[32meth_getBalance (7)[0m
[32meth_getBlockByNumber[0m
[32meth_getBalance[0m
[32mnet_version[0m
[32meth_getBalance[0m
[32meth_getBalance (2)[0m
[32meth_getBalance (3)[0m
[32meth_getBalance (4)[0m
[32meth_getBalance (5)[0m
[32meth_getBalance (6)[0m
[32meth_getBalance (7)[0m
[32meth_getBalance (8)[0m
[32meth_getBalance (9)[0m
[32meth_getBalance (10)[0m
[32meth_getBalance (11)[0m
[32meth_getBalance (12)[0m
[32meth_getBalance (13)[0m
[32meth_getBalance (14)[0m
[32meth_call[0m
  Contract call:       PaymentToken#balanceOf
  From:                0xf39fd6e51aad88f6f4ce6ab8827279cfffb92266
  To:                  0xe7f1725e7734ce288f8367e1bb143e90bb3f0512

[32meth_getCode[0m
[32meth_getBlockByNumber[0m
[32mnet_version[0m
[32mnet_version (2)[0m
[32meth_accounts[0m
[32meth_getBalance[0m
[32meth_getBalance (2)[0m
[32meth_getBalance (3)[0m
[32meth_getBalance (4)[0m
[32meth_getBalance (5)[0m
[32meth_getBalance (6)[0m
[32meth_getBalance (7)[0m
[32meth_getBalance (8)[0m
[32meth_getBalance (9)[0m
[32meth_getBalance (10)[0m
[32meth_getBalance (11)[0m
[32meth_getBalance (12)[0m
[32meth_getBalance (13)[0m
[32meth_getBalance (14)[0m
[32meth_getBalance (15)[0m
[32meth_getBalance (16)[0m
[32meth_getBalance (17)[0m
[32meth_getBalance (18)[0m
[32meth_getBalance (19)[0m
[32meth_getBalance (20)[0m
[32meth_getBalance (21)[0m
[32meth_getBalance (22)[0m
[32meth_getBlockByNumber[0m
[32mnet_version[0m
[32meth_getBlockByNumber[0m
[32mnet_version[0m
[32mnet_version (2)[0m
[32meth_accounts[0m
[32meth_getBalance[0m
[32meth_getBalance (2)[0m
[32meth_getBalance (3)[0m
[32meth_getBalance (4)[0m
[32meth_getBalance (5)[0m
[32meth_getBlockByNumber[0m
[32meth_getBalance[0m
[32mnet_version[0m
[32meth_getBalance[0m
[32meth_getBalance (2)[0m
[32meth_getBalance (3)[0m
[32meth_getBalance (4)[0m
[32meth_getBalance (5)[0m
[32meth_getBalance (6)[0m
[32meth_getBalance (7)[0m
[32meth_getBalance (8)[0m
[32meth_getBalance (9)[0m
[32meth_getBalance (10)[0m
[32meth_getBalance (11)[0m
[32meth_getBalance (12)[0m
[32meth_getBalance (13)[0m
[32meth_getBalance (14)[0m
[32meth_getBalance (15)[0m
[32meth_getBalance (16)[0m
[32meth_getBlockByNumber[0m
[32mnet_version[0m
[32mnet_version (2)[0m
[32meth_accounts[0m
[32meth_getBalance[0m
[32meth_getBlockByNumber[0m
[32meth_getBalance[0m
[32meth_getBalance (2)[0m
[32mnet_version[0m
[32meth_getBalance[0m
[32meth_getBalance (2)[0m
[32meth_getBalance (3)[0m
[32meth_getBalance (4)[0m
[32meth_getBalance (5)[0m
[32meth_getBalance (6)[0m
[32meth_getBalance (7)[0m
[32meth_getBalance (8)[0m
[32meth_getBalance (9)[0m
[32meth_getBalance (10)[0m
[32meth_getBalance (11)[0m
[32meth_getBalance (12)[0m
[32meth_getBalance (13)[0m
[32meth_getBalance (14)[0m
[32meth_getBalance (15)[0m
[32meth_getBalance (16)[0m
[32meth_getBalance (17)[0m
[32meth_getBalance (18)[0m
[32meth_getBalance (19)[0m
[32meth_getBlockByNumber[0m
[32mnet_version[0m
[32mnet_version (2)[0m
[32meth_accounts[0m
[32meth_getBalance[0m
[32meth_getBlockByNumber[0m
[32meth_getBalance[0m
[32meth_getBalance (2)[0m
[32mnet_version[0m
[32meth_getBalance[0m
[32meth_getBalance (2)[0m
[32meth_getBalance (3)[0m
[32meth_getBalance (4)[0m
[32meth_getBalance (5)[0m
[32meth_getBalance (6)[0m
[32meth_getBalance (7)[0m
[32meth_getBalance (8)[0m
[32meth_getBalance (9)[0m
[32meth_getBalance (10)[0m
[32meth_getBalance (11)[0m
[32meth_getBalance (12)[0m
[32meth_getBalance (13)[0m
[32meth_getBalance (14)[0m
[32meth_getBalance (15)[0m
[32meth_getBalance (16)[0m
[32meth_getBalance (17)[0m
[32meth_getBalance (18)[0m
[32meth_getBalance (19)[0m
[32meth_getBlockByNumber[0m
[32mnet_version[0m
[32meth_accounts[0m
[32meth_getBalance[0m
[32mnet_version[0m
[32meth_getBalance[0m
[32meth_getBalance (2)[0m
[32meth_getBalance (3)[0m
[32meth_getBalance (4)[0m
[32meth_getBalance (5)[0m
[32meth_getBalance (6)[0m
[32meth_getBalance (7)[0m
[32meth_getBalance (8)[0m
[32meth_getBalance (9)[0m
[32meth_getBalance (10)[0m
[32meth_getBalance (11)[0m
[32meth_getBalance (12)[0m
[32meth_getBalance (13)[0m
[32meth_getBalance (14)[0m
[32meth_getBalance (15)[0m
[32meth_getBalance (16)[0m
[32meth_getBalance (17)[0m
[32meth_getBalance (18)[0m
[32meth_getBalance (19)[0m
[32meth_getBalance (20)[0m
[32meth_getBalance (21)[0m
[32meth_getBlockByNumber[0m
[32mnet_version[0m
[32mnet_version (2)[0m
[32meth_accounts[0m
[32meth_getBalance[0m
[32meth_getBalance (2)[0m
[32meth_getBalance (3)[0m
[32meth_getBalance (4)[0m
[32meth_getBalance (5)[0m
[32meth_getBalance (6)[0m
[32meth_getBalance (7)[0m
[32meth_getBalance (8)[0m
[32meth_getBalance (9)[0m
[32meth_getBlockByNumber[0m
[32meth_getBalance[0m
[32mnet_version[0m
[32meth_getBalance[0m
[32meth_getBalance (2)[0m
[32meth_getBalance (3)[0m
[32meth_getBalance (4)[0m
[32meth_getBalance (5)[0m
[32meth_getBalance (6)[0m
[32meth_getBalance (7)[0m
[32meth_getBalance (8)[0m
[32meth_getBalance (9)[0m
[32meth_getBalance (10)[0m
[32meth_getBalance (11)[0m
[32meth_getBalance (12)[0m
[32meth_getBlockByNumber[0m
[32mnet_version[0m
[32mnet_version (2)[0m
[32meth_accounts[0m
[32meth_getBalance[0m
[32meth_getBlockByNumber[0m
[32meth_getBalance[0m
[32meth_getBalance (2)[0m
[32mnet_version[0m
[32meth_getBalance[0m
[32meth_getBalance (2)[0m
[32meth_getBalance (3)[0m
[32meth_getBalance (4)[0m
[32meth_getBalance (5)[0m
[32meth_getBalance (6)[0m
[32meth_getBalance (7)[0m
[32meth_getBalance (8)[0m
[32meth_getBalance (9)[0m
[32meth_getBalance (10)[0m
[32meth_getBalance (11)[0m
[32meth_getBalance (12)[0m
[32meth_getBalance (13)[0m
[32meth_getBalance (14)[0m
[32meth_getBalance (15)[0m
[32meth_getBalance (16)[0m
[32meth_getBalance (17)[0m
[32meth_getBalance (18)[0m
[32meth_getBalance (19)[0m
[32meth_getBlockByNumber[0m
[32mnet_version[0m
[32mnet_version (2)[0m
[32meth_accounts[0m
[32meth_getBalance[0m
[32meth_getBlockByNumber[0m
[32meth_getBalance[0m
[32meth_getBalance (2)[0m
[32mnet_version[0m
[32meth_getBalance[0m
[32meth_getBalance (2)[0m
[32meth_getBalance (3)[0m
[32meth_getBalance (4)[0m
[32meth_getBalance (5)[0m
[32meth_getBalance (6)[0m
[32meth_getBalance (7)[0m
[32meth_getBalance (8)[0m
[32meth_getBalance (9)[0m
[32meth_getBalance (10)[0m
[32meth_getBalance (11)[0m
[32meth_getBalance (12)[0m
[32meth_getBalance (13)[0m
[32meth_getBalance (14)[0m
[32meth_getBalance (15)[0m
[32meth_getBalance (16)[0m
[32meth_getBalance (17)[0m
[32meth_getBalance (18)[0m
[32meth_getBalance (19)[0m
[32meth_getBlockByNumber[0m
[32mnet_version[0m
[32mhardhat_addCompilationResult[0m
[32mnet_version[0m
[32meth_accounts[0m
[32meth_getBalance[0m
[32meth_getBlockByNumber[0m
[32meth_getBalance[0m
[32meth_getBalance (2)[0m
[32mnet_version[0m
[32meth_getBalance[0m
[32meth_getBalance (2)[0m
[32meth_getBalance (3)[0m
[32meth_getBalance (4)[0m
[32meth_getBalance (5)[0m
[32meth_getBalance (6)[0m
[32meth_getBalance (7)[0m
[32meth_getBalance (8)[0m
[32meth_getBalance (9)[0m
[32meth_getBalance (10)[0m
[32meth_getBalance (11)[0m
[32meth_getBalance (12)[0m
[32meth_getBalance (13)[0m
[32meth_getBalance (14)[0m
[32meth_getBalance (15)[0m
[32meth_getBalance (16)[0m
[32meth_getBalance (17)[0m
[32meth_getBalance (18)[0m
[32meth_getBalance (19)[0m
[32meth_getBlockByNumber[0m
[32mnet_version[0m
[32meth_accounts[0m
[32meth_getBalance[0m
[32mnet_version[0m
[32meth_getBalance[0m
[32meth_getBalance (2)[0m
[32meth_getBalance (3)[0m
[32meth_getBalance (4)[0m
[32meth_getBalance (5)[0m
[32meth_getBalance (6)[0m
[32meth_getBalance (7)[0m
[32meth_getBalance (8)[0m
[32meth_getBalance (9)[0m
[32meth_getBalance (10)[0m
[32meth_getBalance (11)[0m
[32meth_getBalance (12)[0m
[32meth_getBalance (13)[0m
[32meth_getBalance (14)[0m
[32meth_getBalance (15)[0m
[32meth_getBalance (16)[0m
[32meth_getBalance (17)[0m
[32meth_getBalance (18)[0m
[32meth_getBalance (19)[0m
[32meth_getBalance (20)[0m
[32meth_getBalance (21)[0m
[32meth_getBlockByNumber[0m
[32mnet_version[0m
[32meth_accounts[0m
[32meth_getBalance[0m
[32mnet_version[0m
[32meth_getBalance[0m
[32meth_getBalance (2)[0m
[32meth_getBalance (3)[0m
[32meth_getBalance (4)[0m
[32meth_getBalance (5)[0m
[32meth_getBalance (6)[0m
[32meth_getBalance (7)[0m
[32meth_getBalance (8)[0m
[32meth_getBalance (9)[0m
[32meth_getBalance (10)[0m
[32meth_getBalance (11)[0m
[32meth_getBalance (12)[0m
[32meth_getBalance (13)[0m
[32meth_getBalance (14)[0m
[32meth_getBalance (15)[0m
[32meth_getBalance (16)[0m
[32meth_getBalance (17)[0m
[32meth_getBalance (18)[0m
[32meth_getBalance (19)[0m
[32meth_getBalance (20)[0m
[32meth_getBalance (21)[0m
[32meth_getBlockByNumber[0m
[32mnet_version[0m
[32meth_accounts[0m
[32meth_getBalance[0m
[32mnet_version[0m
[32meth_getBalance[0m
[32meth_getBalance (2)[0m
[32meth_getBalance (3)[0m
[32meth_getBalance (4)[0m
[32meth_getBalance (5)[0m
[32meth_getBalance (6)[0m
[32meth_getBalance (7)[0m
[32meth_getBalance (8)[0m
[32meth_getBalance (9)[0m
[32meth_getBalance (10)[0m
[32meth_getBalance (11)[0m
[32meth_getBalance (12)[0m
[32meth_getBalance (13)[0m
[32meth_getBalance (14)[0m
[32meth_getBalance (15)[0m
[32meth_getBalance (16)[0m
[32meth_getBalance (17)[0m
[32meth_getBalance (18)[0m
[32meth_getBalance (19)[0m
[32meth_getBalance (20)[0m
[32meth_getBalance (21)[0m
[32meth_getBlockByNumber[0m
[32mnet_version[0m
[32meth_accounts[0m
[32meth_getBalance[0m
[32mnet_version[0m
[32meth_getBalance[0m
[32meth_getBalance (2)[0m
[32meth_getBalance (3)[0m
[32meth_getBalance (4)[0m
[32meth_getBalance (5)[0m
[32meth_getBalance (6)[0m
[32meth_getBalance (7)[0m
[32meth_getBalance (8)[0m
[32meth_getBalance (9)[0m
[32meth_getBalance (10)[0m
[32meth_getBalance (11)[0m
[32meth_getBalance (12)[0m
[32meth_getBalance (13)[0m
[32meth_getBalance (14)[0m
[32meth_getBalance (15)[0m
[32meth_getBalance (16)[0m
[32meth_getBalance (17)[0m
[32meth_getBalance (18)[0m
[32meth_getBalance (19)[0m
[32meth_getBalance (20)[0m
[32meth_getBalance (21)[0m
[32mhardhat_addCompilationResult[0m
[32meth_getBlockByNumber[0m
[32mnet_version[0m
[32meth_accounts[0m
[32meth_getBalance[0m
[32mnet_version[0m
[32meth_getBalance[0m
[32meth_getBalance (2)[0m
[32meth_getBalance (3)[0m
[32meth_getBalance (4)[0m
[32meth_getBalance (5)[0m
[32meth_getBalance (6)[0m
[32meth_getBalance (7)[0m
[32meth_getBalance (8)[0m
[32meth_getBalance (9)[0m
[32meth_getBalance (10)[0m
[32meth_getBalance (11)[0m
[32meth_getBalance (12)[0m
[32meth_getBalance (13)[0m
[32meth_getBalance (14)[0m
[32meth_getBalance (15)[0m
[32meth_getBalance (16)[0m
[32meth_getBalance (17)[0m
[32meth_getBalance (18)[0m
[32meth_getBalance (19)[0m
[32meth_getBalance (20)[0m
[32meth_getBalance (21)[0m
[32meth_getBlockByNumber[0m
[32mnet_version[0m
[32meth_accounts[0m
[32meth_getBalance[0m
[32mnet_version[0m
[32meth_getBalance[0m
[32meth_getBalance (2)[0m
[32meth_getBalance (3)[0m
[32meth_getBalance (4)[0m
[32meth_getBalance (5)[0m
[32meth_getBalance (6)[0m
[32meth_getBalance (7)[0m
[32meth_getBalance (8)[0m
[32meth_getBalance (9)[0m
[32meth_getBalance (10)[0m
[32meth_getBalance (11)[0m
[32meth_getBalance (12)[0m
[32meth_getBalance (13)[0m
[32meth_getBalance (14)[0m
[32meth_getBalance (15)[0m
[32meth_getBalance (16)[0m
[32meth_getBalance (17)[0m
[32meth_getBalance (18)[0m
[32meth_getBalance (19)[0m
[32meth_getBalance (20)[0m
[32meth_getBalance (21)[0m
[32meth_getBlockByNumber[0m
[32mnet_version[0m
[32meth_accounts[0m
[32meth_getBalance[0m
[32mnet_version[0m
[32meth_getBalance[0m
[32meth_getBalance (2)[0m
[32meth_getBalance (3)[0m
[32meth_getBalance (4)[0m
[32meth_getBalance (5)[0m
[32meth_getBalance (6)[0m
[32meth_getBalance (7)[0m
[32meth_getBalance (8)[0m
[32meth_getBalance (9)[0m
[32meth_getBalance (10)[0m
[32meth_getBalance (11)[0m
[32meth_getBalance (12)[0m
[32meth_getBalance (13)[0m
[32meth_getBalance (14)[0m
[32meth_getBalance (15)[0m
[32meth_getBalance (16)[0m
[32meth_getBalance (17)[0m
[32meth_getBalance (18)[0m
[32meth_getBalance (19)[0m
[32meth_getBalance (20)[0m
[32meth_getBalance (21)[0m
[32meth_getBlockByNumber[0m
[32mnet_version[0m
[32meth_accounts[0m
[32meth_getBalance[0m
[32mnet_version[0m
[32meth_getBalance[0m
[32meth_getBalance (2)[0m
[32meth_getBalance (3)[0m
[32meth_getBalance (4)[0m
[32meth_getBalance (5)[0m
[32meth_getBalance (6)[0m
[32meth_getBalance (7)[0m
[32meth_getBalance (8)[0m
[32meth_getBalance (9)[0m
[32meth_getBalance (10)[0m
[32meth_getBalance (11)[0m
[32meth_getBalance (12)[0m
[32meth_getBalance (13)[0m
[32meth_getBalance (14)[0m
[32meth_getBalance (15)[0m
[32meth_getBalance (16)[0m
[32meth_getBalance (17)[0m
[32meth_getBalance (18)[0m
[32meth_getBalance (19)[0m
[32meth_getBalance (20)[0m
[32meth_getBalance (21)[0m
[32meth_getBlockByNumber[0m
[32mnet_version[0m
[32meth_accounts[0m
[32meth_getBalance[0m
[32mnet_version[0m
[32meth_getBalance[0m
[32meth_getBalance (2)[0m
[32meth_getBalance (3)[0m
[32meth_getBalance (4)[0m
[32meth_getBalance (5)[0m
[32meth_getBalance (6)[0m
[32meth_getBalance (7)[0m
[32meth_getBalance (8)[0m
[32meth_getBalance (9)[0m
[32meth_getBalance (10)[0m
[32meth_getBalance (11)[0m
[32meth_getBalance (12)[0m
[32meth_getBalance (13)[0m
[32meth_getBalance (14)[0m
[32meth_getBalance (15)[0m
[32meth_getBalance (16)[0m
[32meth_getBalance (17)[0m
[32meth_getBalance (18)[0m
[32meth_getBalance (19)[0m
[32meth_getBalance (20)[0m
[32meth_getBalance (21)[0m
[32meth_getBlockByNumber[0m
[32mnet_version[0m
[32meth_accounts[0m
[32meth_getBalance[0m
[32mnet_version[0m
[32meth_getBalance[0m
[32meth_getBalance (2)[0m
[32meth_getBalance (3)[0m
[32meth_getBalance (4)[0m
[32meth_getBalance (5)[0m
[32meth_getBalance (6)[0m
[32meth_getBalance (7)[0m
[32meth_getBalance (8)[0m
[32meth_getBalance (9)[0m
[32meth_getBalance (10)[0m
[32meth_getBalance (11)[0m
[32meth_getBalance (12)[0m
[32meth_getBalance (13)[0m
[32meth_getBalance (14)[0m
[32meth_getBalance (15)[0m
[32meth_getBalance (16)[0m
[32meth_getBalance (17)[0m
[32meth_getBalance (18)[0m
[32meth_getBalance (19)[0m
[32meth_getBalance (20)[0m
[32meth_getBalance (21)[0m
[32meth_getBlockByNumber[0m
[32mnet_version[0m
[32meth_accounts[0m
[32meth_getBalance[0m
[32mnet_version[0m
[32meth_getBalance[0m
[32meth_getBalance (2)[0m
[32meth_getBalance (3)[0m
[32meth_getBalance (4)[0m
[32meth_getBalance (5)[0m
[32meth_getBalance (6)[0m
[32meth_getBalance (7)[0m
[32meth_getBalance (8)[0m
[32meth_getBalance (9)[0m
[32meth_getBalance (10)[0m
[32meth_getBalance (11)[0m
[32meth_getBalance (12)[0m
[32meth_getBalance (13)[0m
[32meth_getBalance (14)[0m
[32meth_getBalance (15)[0m
[32meth_getBalance (16)[0m
[32meth_getBalance (17)[0m
[32meth_getBalance (18)[0m
[32meth_getBalance (19)[0m
[32meth_getBalance (20)[0m
[32meth_getBalance (21)[0m
[32meth_getBlockByNumber[0m
[32mnet_version[0m
[32meth_accounts[0m
[32meth_getBalance[0m
[32mnet_version[0m
[32meth_getBalance[0m
[32meth_getBalance (2)[0m
[32meth_getBalance (3)[0m
[32meth_getBalance (4)[0m
[32meth_getBalance (5)[0m
[32meth_getBalance (6)[0m
[32meth_getBalance (7)[0m
[32meth_getBalance (8)[0m
[32meth_getBalance (9)[0m
[32meth_getBalance (10)[0m
[32meth_getBalance (11)[0m
[32meth_getBalance (12)[0m
[32meth_getBalance (13)[0m
[32meth_getBalance (14)[0m
[32meth_getBalance (15)[0m
[32meth_getBalance (16)[0m
[32meth_getBalance (17)[0m
[32meth_getBalance (18)[0m
[32meth_getBalance (19)[0m
[32meth_getBalance (20)[0m
[32meth_getBalance (21)[0m
